<?xml version="1.0" encoding="UTF-8"?>
<!-- Generated by org.testng.reporters.JUnitReportReporter -->
<testsuite skipped="0" hostname="LAPTOP-TBA24BB5" name="cfo.MgmtBita" tests="1" failures="0" timestamp="2023-01-11T15:46:03 IST" time="30.356" errors="0">
  <testcase name="Login" time="30.356" classname="cfo.MgmtBita"/>
  <system-out/>
</testsuite> <!-- cfo.MgmtBita -->
