<?xml version="1.0" encoding="UTF-8"?>
<!-- Generated by org.testng.reporters.JUnitReportReporter -->
<testsuite skipped="0" hostname="LAPTOP-TBA24BB5" name="departmentHead.DeptcountStatutory" tests="3" failures="0" timestamp="2023-01-11T18:57:10 IST" time="109.624" errors="0">
  <testcase name="Login" time="64.583" classname="departmentHead.DeptcountStatutory"/>
  <system-out/>
  <testcase name="InternalMsg" time="24.186" classname="departmentHead.DeptcountStatutory"/>
  <system-out/>
  <testcase name="SupportTicket" time="20.855" classname="departmentHead.DeptcountStatutory"/>
  <system-out/>
</testsuite> <!-- departmentHead.DeptcountStatutory -->
