<?xml version="1.0" encoding="UTF-8"?>
<!-- Generated by org.testng.reporters.JUnitReportReporter -->
<testsuite skipped="0" hostname="LAPTOP-TBA24BB5" name="cfo.Mgmt" tests="5" failures="0" timestamp="2023-01-13T10:59:37 IST" time="413.781" errors="0">
  <testcase name="Login" time="22.507" classname="cfo.Mgmt"/>
  <system-out/>
  <testcase name="RiskSummaryCriticalStatutory" time="111.922" classname="cfo.Mgmt"/>
  <system-out/>
  <testcase name="RiskSummaryHighStatutory" time="91.769" classname="cfo.Mgmt"/>
  <system-out/>
  <testcase name="RiskSummaryMediumStatutory" time="91.204" classname="cfo.Mgmt"/>
  <system-out/>
  <testcase name="RiskSummaryLowStatutory" time="96.379" classname="cfo.Mgmt"/>
  <system-out/>
</testsuite> <!-- cfo.Mgmt -->
